Drill report for /home/ranju/electronics/kicad/freelancer/vcu/vcu-pi/vcu-pi.kicad_pcb
Created on Mon Apr  1 02:29:57 2019

Copper Layer Stackup:
    =============================================================
    L1 :  F.Cu                      front
    L2 :  B.Cu                      back


Drill file 'vcu-pi-PTH.drl' contains
    plated through holes:
    =============================================================
    T1  0.40mm  0.016"  (39 holes)
    T2  0.50mm  0.020"  (9 holes)
    T3  0.80mm  0.031"  (49 holes)
    T4  0.80mm  0.032"  (5 holes)
    T5  0.90mm  0.035"  (8 holes)
    T6  1.00mm  0.039"  (64 holes)
    T7  1.02mm  0.040"  (48 holes)
    T8  1.06mm  0.042"  (12 holes)
    T9  1.20mm  0.047"  (30 holes)
    T10  1.27mm  0.050"  (2 holes)
    T11  3.00mm  0.118"  (2 holes)
    T12  3.28mm  0.129"  (4 holes)

    Total plated holes count 272


Drill file 'vcu-pi-NPTH.drl' contains
    unplated through holes:
    =============================================================

    Total unplated holes count 0
